<?xml version="1.0" encoding="UTF-8"?>
<!-- Generated by org.testng.reporters.JUnitReportReporter -->
<testsuite hostname="hybeenLappy" name="Test_Unit" tests="18" failures="0" timestamp="23 Mar 2016 22:04:42 GMT" time="0.112" errors="0">
  <testcase name="unitMoveUpWithBlock" time="0.002" classname="Test_Unit"/>
  <testcase name="unitUpdateMoveRightNoBlock" time="0.004" classname="Test_Unit"/>
  <testcase name="unitUpdateMoveRightWithBlock" time="0.008" classname="Test_Unit"/>
  <testcase name="unitMoveRightNoBlock" time="0.006" classname="Test_Unit"/>
  <testcase name="unitUpdateMoveLeftWithBlock" time="0.004" classname="Test_Unit"/>
  <testcase name="unitMoveUpNoBlock" time="0.003" classname="Test_Unit"/>
  <testcase name="unitUpdateMoveDownNoBlock" time="0.013" classname="Test_Unit"/>
  <testcase name="unitMoveRightWithBlock" time="0.002" classname="Test_Unit"/>
  <testcase name="unitMoveLeftNoBlock" time="0.004" classname="Test_Unit"/>
  <testcase name="unitUpdateMoveDownWithBlock" time="0.020" classname="Test_Unit"/>
  <testcase name="unitUpdateMoveLeftNoBlock" time="0.004" classname="Test_Unit"/>
  <testcase name="unitUpdateMoveUpNoBlock" time="0.006" classname="Test_Unit"/>
  <testcase name="unitBlockCheck" time="0.012" classname="Test_Unit"/>
  <testcase name="unitUpdateMoveUpWithBlock" time="0.004" classname="Test_Unit"/>
  <testcase name="unitMoveLeftWithBlock" time="0.005" classname="Test_Unit"/>
  <testcase name="unitMoveDownWithBlock" time="0.002" classname="Test_Unit"/>
  <testcase name="unitDecideRoute" time="0.009" classname="Test_Unit"/>
  <testcase name="unitMoveDownNoBlock" time="0.004" classname="Test_Unit"/>
</testsuite> <!-- Test_Unit -->
