<?xml version="1.0" encoding="UTF-8"?>
<!-- Generated by org.testng.reporters.JUnitReportReporter -->
<testsuite hostname="hybeenLappy" name="Test_Sort" tests="3" failures="0" timestamp="23 Mar 2016 22:04:42 GMT" time="0.164" errors="0">
  <testcase name="insertSort" time="0.082" classname="Test_Sort"/>
  <testcase name="bubbleSort" time="0.063" classname="Test_Sort"/>
  <testcase name="selectionSort" time="0.019" classname="Test_Sort"/>
</testsuite> <!-- Test_Sort -->
