<?xml version="1.0" encoding="UTF-8"?>
<!-- Generated by org.testng.reporters.JUnitReportReporter -->
<testsuite hostname="hybeenLappy" name="Test_Search" tests="6" failures="0" timestamp="23 Mar 2016 22:04:42 GMT" time="0.270" errors="0">
  <testcase name="breadthFirstSearchTesting2" time="0.007" classname="Test_Search"/>
  <testcase name="depthFirstSearchTesting2" time="0.049" classname="Test_Search"/>
  <testcase name="aStarSearchTesting2" time="0.004" classname="Test_Search"/>
  <testcase name="breadthFirstSearchTesting" time="0.021" classname="Test_Search"/>
  <testcase name="aStarSearchTesting" time="0.170" classname="Test_Search"/>
  <testcase name="depthFirstSearchTesting" time="0.019" classname="Test_Search"/>
</testsuite> <!-- Test_Search -->
